#
# There is insufficient memory for the Java Runtime Environment to continue.
# Native memory allocation (mmap) failed to map 65536 bytes. Error detail: Failed to commit metaspace.
# Possible reasons:
#   The system is out of physical RAM or swap space
#   This process is running with CompressedOops enabled, and the Java Heap may be blocking the growth of the native heap
# Possible solutions:
#   Reduce memory load on the system
#   Increase physical memory or swap space
#   Check if swap backing store is full
#   Decrease Java heap size (-Xmx/-Xms)
#   Decrease number of Java threads
#   Decrease Java thread stack sizes (-Xss)
#   Set larger code cache with -XX:ReservedCodeCacheSize=
#
JavaThread "C1 CompilerThread0" daemon [_thread_in_vm, id=6056, stack(0x00000068e9d00000,0x00000068e9e00000)]


Current CompileTask:
C1:27057 1721       3       org.gradle.internal.time.MonotonicClock::getCurrentTime (70 bytes)

Stack: [0x00000068e9d00000,0x00000068e9e00000]
Native frames: (J=compiled Java code, j=interpreted, Vv=VM code, C=native code)
V  [jvm.dll+0x6846f9]
V  [jvm.dll+0x839ea5]
V  [jvm.dll+0x83b91e]
V  [jvm.dll+0x83bfa3]
V  [jvm.dll+0x248eff]
V  [jvm.dll+0x835c8d]
V  [jvm.dll+0x6291fd]
V  [jvm.dll+0x1c0710]
V  [jvm.dll+0x62bb72]
V  [jvm.dll+0x629bb6]
V  [jvm.dll+0x63affa]
V  [jvm.dll+0x633cba]
V  [jvm.dll+0x1cc930]
V  [jvm.dll+0x1ccb20]
V  [jvm.dll+0x148511]
V  [jvm.dll+0x148355]
V  [jvm.dll+0x13ff9b]
V  [jvm.dll+0x14224e]
V  [jvm.dll+0x140836]
V  [jvm.dll+0x13a8f7]
V  [jvm.dll+0x149ff8]
V  [jvm.dll+0x135db5]
V  [jvm.dll+0x136130]
V  [jvm.dll+0x13640e]
V  [jvm.dll+0x135857]
V  [jvm.dll+0x13757d]
V  [jvm.dll+0x22989a]
V  [jvm.dll+0x227a4b]
V  [jvm.dll+0x7f0658]
V  [jvm.dll+0x7eaaec]
V  [jvm.dll+0x6835c7]
C  [ucrtbase.dll+0x21bb2]
C  [KERNEL32.DLL+0x17374]
C  [ntdll.dll+0x4cc91]


---------------  P R O C E S S  ---------------

Threads class SMR info:
_java_thread_list=0x0000021f804d2990, length=13, elements={
0x0000021fa01ffd60, 0x0000021fa0295580, 0x0000021fa0296140, 0x0000021fa02aeea0,
0x0000021fa02b1970, 0x0000021fa02b2330, 0x0000021fa02b4d00, 0x0000021fa02b5e00,
0x0000021fa02ba9e0, 0x0000021fb9416780, 0x0000021fb962c170, 0x0000021fb9630ac0,
0x0000021fff7cc2b0
}

Java Threads: ( => current thread )
  0x0000021fa01ffd60 JavaThread "main" [_thread_in_native, id=2552, stack(0x00000068e8f00000,0x00000068e9000000)]
  0x0000021fa0295580 JavaThread "Reference Handler" daemon [_thread_blocked, id=6600, stack(0x00000068e9600000,0x00000068e9700000)]
  0x0000021fa0296140 JavaThread "Finalizer" daemon [_thread_blocked, id=3604, stack(0x00000068e9700000,0x00000068e9800000)]
  0x0000021fa02aeea0 JavaThread "Signal Dispatcher" daemon [_thread_blocked, id=15012, stack(0x00000068e9800000,0x00000068e9900000)]
  0x0000021fa02b1970 JavaThread "Attach Listener" daemon [_thread_blocked, id=9460, stack(0x00000068e9900000,0x00000068e9a00000)]
  0x0000021fa02b2330 JavaThread "Service Thread" daemon [_thread_blocked, id=14808, stack(0x00000068e9a00000,0x00000068e9b00000)]
  0x0000021fa02b4d00 JavaThread "Monitor Deflation Thread" daemon [_thread_blocked, id=15060, stack(0x00000068e9b00000,0x00000068e9c00000)]
  0x0000021fa02b5e00 JavaThread "C2 CompilerThread0" daemon [_thread_blocked, id=13812, stack(0x00000068e9c00000,0x00000068e9d00000)]
=>0x0000021fa02ba9e0 JavaThread "C1 CompilerThread0" daemon [_thread_in_vm, id=6056, stack(0x00000068e9d00000,0x00000068e9e00000)]
  0x0000021fb9416780 JavaThread "Sweeper thread" daemon [_thread_blocked, id=3492, stack(0x00000068e9e00000,0x00000068e9f00000)]
  0x0000021fb962c170 JavaThread "Notification Thread" daemon [_thread_blocked, id=9108, stack(0x00000068e9f00000,0x00000068ea000000)]
  0x0000021fb9630ac0 JavaThread "Common-Cleaner" daemon [_thread_blocked, id=9228, stack(0x00000068ea100000,0x00000068ea200000)]
  0x0000021fff7cc2b0 JavaThread "pool-1-thread-1" [_thread_blocked, id=10144, stack(0x00000068ea800000,0x00000068ea900000)]

Other Threads:
  0x0000021fa028f770 VMThread "VM Thread" [stack: 0x00000068e9500000,0x00000068e9600000] [id=8088]
  0x0000021fb962c650 WatcherThread [stack: 0x00000068ea000000,0x00000068ea100000] [id=4712]
  0x0000021fa021fe90 GCTaskThread "GC Thread#0" [stack: 0x00000068e9000000,0x00000068e9100000] [id=13672]
  0x0000021fb9770120 GCTaskThread "GC Thread#1" [stack: 0x00000068ea200000,0x00000068ea300000] [id=3504]
  0x0000021fb992ff50 GCTaskThread "GC Thread#2" [stack: 0x00000068ea300000,0x00000068ea400000] [id=11252]
  0x0000021fb9930210 GCTaskThread "GC Thread#3" [stack: 0x00000068ea400000,0x00000068ea500000] [id=13112]
  0x0000021fa02225f0 ConcurrentGCThread "G1 Main Marker" [stack: 0x00000068e9100000,0x00000068e9200000] [id=13708]
  0x0000021fa02237b0 ConcurrentGCThread "G1 Conc#0" [stack: 0x00000068e9200000,0x00000068e9300000] [id=1928]
  0x0000021fa0272860 ConcurrentGCThread "G1 Refine#0" [stack: 0x00000068e9300000,0x00000068e9400000] [id=7604]
  0x0000021fff5889f0 ConcurrentGCThread "G1 Refine#1" [stack: 0x00000068ea600000,0x00000068ea700000] [id=7520]
  0x0000021fa0274140 ConcurrentGCThread "G1 Service" [stack: 0x00000068e9400000,0x00000068e9500000] [id=11764]

Threads with active compile tasks:
C1 CompilerThread0  27114 1721       3       org.gradle.internal.time.MonotonicClock::getCurrentTime (70 bytes)

VM state: not at safepoint (normal execution)

VM Mutex/Monitor currently owned by a thread:  ([mutex/lock_event])
[0x0000021fa01fa960] Metaspace_lock - owner thread: 0x0000021fa02ba9e0
[0x0000021fa01fd6b0] MethodData_lock - owner thread: 0x0000021fa02ba9e0

Heap address: 0x00000000fc000000, size: 64 MB, Compressed Oops mode: 32-bit

CDS archive(s) mapped at: [0x0000021fba000000-0x0000021fbabb0000-0x0000021fbabb0000), size 12255232, SharedBaseAddress: 0x0000021fba000000, ArchiveRelocationMode: 1.
Compressed class space mapped at: 0x0000021fbb000000-0x0000021ffb000000, reserved size: 1073741824
Narrow klass base: 0x0000021fba000000, Narrow klass shift: 0, Narrow klass range: 0x100000000

GC Precious Log:
 CPUs: 4 total, 4 available
 Memory: 8070M
 Large Page Support: Disabled
 NUMA Support: Disabled
 Compressed Oops: Enabled (32-bit)
 Heap Region Size: 1M
 Heap Min Capacity: 64M
 Heap Initial Capacity: 64M
 Heap Max Capacity: 64M
 Pre-touch: Disabled
 Parallel Workers: 4
 Concurrent Workers: 1
 Concurrent Refinement Workers: 4
 Periodic GC: Disabled

Heap:
 garbage-first heap   total 65536K, used 40485K [0x00000000fc000000, 0x0000000100000000)
  region size 1024K, 33 young (33792K), 3 survivors (3072K)
 Metaspace       used 9575K, committed 9728K, reserved 1114112K
  class space    used 1256K, committed 1344K, reserved 1048576K

Heap Regions: E=young(eden), S=young(survivor), O=old, HS=humongous(starts), HC=humongous(continues), CS=collection set, F=free, OA=open archive, CA=closed archive, TAMS=top-at-mark-start (previous, next)
|   0|0x00000000fc000000, 0x00000000fc100000, 0x00000000fc100000|100%|HS|  |TAMS 0x00000000fc000000, 0x00000000fc000000| Complete 
|   1|0x00000000fc100000, 0x00000000fc200000, 0x00000000fc200000|100%|HC|  |TAMS 0x00000000fc100000, 0x00000000fc100000| Complete 
|   2|0x00000000fc200000, 0x00000000fc300000, 0x00000000fc300000|100%|HC|  |TAMS 0x00000000fc200000, 0x00000000fc200000| Complete 
|   3|0x00000000fc300000, 0x00000000fc400000, 0x00000000fc400000|100%|HC|  |TAMS 0x00000000fc300000, 0x00000000fc300000| Complete 
|   4|0x00000000fc400000, 0x00000000fc500000, 0x00000000fc500000|100%| O|  |TAMS 0x00000000fc400000, 0x00000000fc400000| Untracked 
|   5|0x00000000fc500000, 0x00000000fc600000, 0x00000000fc600000|100%| O|  |TAMS 0x00000000fc500000, 0x00000000fc500000| Untracked 
|   6|0x00000000fc600000, 0x00000000fc700000, 0x00000000fc700000|100%| O|  |TAMS 0x00000000fc600000, 0x00000000fc600000| Untracked 
|   7|0x00000000fc700000, 0x00000000fc789600, 0x00000000fc800000| 53%| O|  |TAMS 0x00000000fc700000, 0x00000000fc700000| Untracked 
|   8|0x00000000fc800000, 0x00000000fc800000, 0x00000000fc900000|  0%| F|  |TAMS 0x00000000fc800000, 0x00000000fc800000| Untracked 
|   9|0x00000000fc900000, 0x00000000fc900000, 0x00000000fca00000|  0%| F|  |TAMS 0x00000000fc900000, 0x00000000fc900000| Untracked 
|  10|0x00000000fca00000, 0x00000000fca00000, 0x00000000fcb00000|  0%| F|  |TAMS 0x00000000fca00000, 0x00000000fca00000| Untracked 
|  11|0x00000000fcb00000, 0x00000000fcb00000, 0x00000000fcc00000|  0%| F|  |TAMS 0x00000000fcb00000, 0x00000000fcb00000| Untracked 
|  12|0x00000000fcc00000, 0x00000000fcc00000, 0x00000000fcd00000|  0%| F|  |TAMS 0x00000000fcc00000, 0x00000000fcc00000| Untracked 
|  13|0x00000000fcd00000, 0x00000000fcd00000, 0x00000000fce00000|  0%| F|  |TAMS 0x00000000fcd00000, 0x00000000fcd00000| Untracked 
|  14|0x00000000fce00000, 0x00000000fce00000, 0x00000000fcf00000|  0%| F|  |TAMS 0x00000000fce00000, 0x00000000fce00000| Untracked 
|  15|0x00000000fcf00000, 0x00000000fcf00000, 0x00000000fd000000|  0%| F|  |TAMS 0x00000000fcf00000, 0x00000000fcf00000| Untracked 
|  16|0x00000000fd000000, 0x00000000fd000000, 0x00000000fd100000|  0%| F|  |TAMS 0x00000000fd000000, 0x00000000fd000000| Untracked 
|  17|0x00000000fd100000, 0x00000000fd100000, 0x00000000fd200000|  0%| F|  |TAMS 0x00000000fd100000, 0x00000000fd100000| Untracked 
|  18|0x00000000fd200000, 0x00000000fd200000, 0x00000000fd300000|  0%| F|  |TAMS 0x00000000fd200000, 0x00000000fd200000| Untracked 
|  19|0x00000000fd300000, 0x00000000fd300000, 0x00000000fd400000|  0%| F|  |TAMS 0x00000000fd300000, 0x00000000fd300000| Untracked 
|  20|0x00000000fd400000, 0x00000000fd400000, 0x00000000fd500000|  0%| F|  |TAMS 0x00000000fd400000, 0x00000000fd400000| Untracked 
|  21|0x00000000fd500000, 0x00000000fd500000, 0x00000000fd600000|  0%| F|  |TAMS 0x00000000fd500000, 0x00000000fd500000| Untracked 
|  22|0x00000000fd600000, 0x00000000fd600000, 0x00000000fd700000|  0%| F|  |TAMS 0x00000000fd600000, 0x00000000fd600000| Untracked 
|  23|0x00000000fd700000, 0x00000000fd700000, 0x00000000fd800000|  0%| F|  |TAMS 0x00000000fd700000, 0x00000000fd700000| Untracked 
|  24|0x00000000fd800000, 0x00000000fd800000, 0x00000000fd900000|  0%| F|  |TAMS 0x00000000fd800000, 0x00000000fd800000| Untracked 
|  25|0x00000000fd900000, 0x00000000fd900000, 0x00000000fda00000|  0%| F|  |TAMS 0x00000000fd900000, 0x00000000fd900000| Untracked 
|  26|0x00000000fda00000, 0x00000000fda00000, 0x00000000fdb00000|  0%| F|  |TAMS 0x00000000fda00000, 0x00000000fda00000| Untracked 
|  27|0x00000000fdb00000, 0x00000000fdb00000, 0x00000000fdc00000|  0%| F|  |TAMS 0x00000000fdb00000, 0x00000000fdb00000| Untracked 
|  28|0x00000000fdc00000, 0x00000000fdc00000, 0x00000000fdd00000|  0%| F|  |TAMS 0x00000000fdc00000, 0x00000000fdc00000| Untracked 
|  29|0x00000000fdd00000, 0x00000000fdd00000, 0x00000000fde00000|  0%| F|  |TAMS 0x00000000fdd00000, 0x00000000fdd00000| Untracked 
|  30|0x00000000fde00000, 0x00000000fde00000, 0x00000000fdf00000|  0%| F|  |TAMS 0x00000000fde00000, 0x00000000fde00000| Untracked 
|  31|0x00000000fdf00000, 0x00000000fdfae1c8, 0x00000000fe000000| 68%| E|  |TAMS 0x00000000fdf00000, 0x00000000fdf00000| Complete 
|  32|0x00000000fe000000, 0x00000000fe100000, 0x00000000fe100000|100%| E|CS|TAMS 0x00000000fe000000, 0x00000000fe000000| Complete 
|  33|0x00000000fe100000, 0x00000000fe200000, 0x00000000fe200000|100%| E|CS|TAMS 0x00000000fe100000, 0x00000000fe100000| Complete 
|  34|0x00000000fe200000, 0x00000000fe300000, 0x00000000fe300000|100%| E|CS|TAMS 0x00000000fe200000, 0x00000000fe200000| Complete 
|  35|0x00000000fe300000, 0x00000000fe400000, 0x00000000fe400000|100%| E|CS|TAMS 0x00000000fe300000, 0x00000000fe300000| Complete 
|  36|0x00000000fe400000, 0x00000000fe500000, 0x00000000fe500000|100%| E|CS|TAMS 0x00000000fe400000, 0x00000000fe400000| Complete 
|  37|0x00000000fe500000, 0x00000000fe600000, 0x00000000fe600000|100%| E|CS|TAMS 0x00000000fe500000, 0x00000000fe500000| Complete 
|  38|0x00000000fe600000, 0x00000000fe700000, 0x00000000fe700000|100%| E|CS|TAMS 0x00000000fe600000, 0x00000000fe600000| Complete 
|  39|0x00000000fe700000, 0x00000000fe800000, 0x00000000fe800000|100%| E|CS|TAMS 0x00000000fe700000, 0x00000000fe700000| Complete 
|  40|0x00000000fe800000, 0x00000000fe900000, 0x00000000fe900000|100%| E|CS|TAMS 0x00000000fe800000, 0x00000000fe800000| Complete 
|  41|0x00000000fe900000, 0x00000000fea00000, 0x00000000fea00000|100%| S|CS|TAMS 0x00000000fe900000, 0x00000000fe900000| Complete 
|  42|0x00000000fea00000, 0x00000000feb00000, 0x00000000feb00000|100%| S|CS|TAMS 0x00000000fea00000, 0x00000000fea00000| Complete 
|  43|0x00000000feb00000, 0x00000000fec00000, 0x00000000fec00000|100%| S|CS|TAMS 0x00000000feb00000, 0x00000000feb00000| Complete 
|  44|0x00000000fec00000, 0x00000000fed00000, 0x00000000fed00000|100%| E|CS|TAMS 0x00000000fec00000, 0x00000000fec00000| Complete 
|  45|0x00000000fed00000, 0x00000000fee00000, 0x00000000fee00000|100%| E|CS|TAMS 0x00000000fed00000, 0x00000000fed00000| Complete 
|  46|0x00000000fee00000, 0x00000000fef00000, 0x00000000fef00000|100%| E|CS|TAMS 0x00000000fee00000, 0x00000000fee00000| Complete 
|  47|0x00000000fef00000, 0x00000000ff000000, 0x00000000ff000000|100%| E|CS|TAMS 0x00000000fef00000, 0x00000000fef00000| Complete 
|  48|0x00000000ff000000, 0x00000000ff100000, 0x00000000ff100000|100%| E|CS|TAMS 0x00000000ff000000, 0x00000000ff000000| Complete 
|  49|0x00000000ff100000, 0x00000000ff200000, 0x00000000ff200000|100%| E|CS|TAMS 0x00000000ff100000, 0x00000000ff100000| Complete 
|  50|0x00000000ff200000, 0x00000000ff300000, 0x00000000ff300000|100%| E|CS|TAMS 0x00000000ff200000, 0x00000000ff200000| Complete 
|  51|0x00000000ff300000, 0x00000000ff400000, 0x00000000ff400000|100%| E|CS|TAMS 0x00000000ff300000, 0x00000000ff300000| Complete 
|  52|0x00000000ff400000, 0x00000000ff500000, 0x00000000ff500000|100%| E|CS|TAMS 0x00000000ff400000, 0x00000000ff400000| Complete 
|  53|0x00000000ff500000, 0x00000000ff600000, 0x00000000ff600000|100%| E|CS|TAMS 0x00000000ff500000, 0x00000000ff500000| Complete 
|  54|0x00000000ff600000, 0x00000000ff700000, 0x00000000ff700000|100%| E|CS|TAMS 0x00000000ff600000, 0x00000000ff600000| Complete 
|  55|0x00000000ff700000, 0x00000000ff800000, 0x00000000ff800000|100%| E|CS|TAMS 0x00000000ff700000, 0x00000000ff700000| Complete 
|  56|0x00000000ff800000, 0x00000000ff900000, 0x00000000ff900000|100%| E|CS|TAMS 0x00000000ff800000, 0x00000000ff800000| Complete 
|  57|0x00000000ff900000, 0x00000000ffa00000, 0x00000000ffa00000|100%| E|CS|TAMS 0x00000000ff900000, 0x00000000ff900000| Complete 
|  58|0x00000000ffa00000, 0x00000000ffb00000, 0x00000000ffb00000|100%| E|CS|TAMS 0x00000000ffa00000, 0x00000000ffa00000| Complete 
|  59|0x00000000ffb00000, 0x00000000ffc00000, 0x00000000ffc00000|100%| E|CS|TAMS 0x00000000ffb00000, 0x00000000ffb00000| Complete 
|  60|0x00000000ffc00000, 0x00000000ffd00000, 0x00000000ffd00000|100%| E|CS|TAMS 0x00000000ffc00000, 0x00000000ffc00000| Complete 
|  61|0x00000000ffd00000, 0x00000000ffe00000, 0x00000000ffe00000|100%| E|CS|TAMS 0x00000000ffd00000, 0x00000000ffd00000| Complete 
|  62|0x00000000ffe00000, 0x00000000fff00000, 0x00000000fff00000|100%| E|CS|TAMS 0x00000000ffe00000, 0x00000000ffe00000| Complete 
|  63|0x00000000fff00000, 0x0000000100000000, 0x0000000100000000|100%| E|CS|TAMS 0x00000000fff00000, 0x00000000fff00000| Complete 

Card table byte_map: [0x0000021f9e1c0000,0x0000021f9e1e0000] _byte_map_base: 0x0000021f9d9e0000

Marking Bits (Prev, Next): (CMBitMap*) 0x0000021fa02214c0, (CMBitMap*) 0x0000021fa0221500
 Prev Bits: [0x0000021fa0000000, 0x0000021fa0100000)
 Next Bits: [0x0000021fb6d70000, 0x0000021fb6e70000)

Polling page: 0x0000021f9e170000

Metaspace:

Usage:
  Non-class:      8.12 MB used.
      Class:      1.23 MB used.
       Both:      9.35 MB used.

Virtual space:
  Non-class space:       64.00 MB reserved,       8.19 MB ( 13%) committed,  1 nodes.
      Class space:        1.00 GB reserved,       1.31 MB ( <1%) committed,  1 nodes.
             Both:        1.06 GB reserved,       9.50 MB ( <1%) committed. 

Chunk freelists:
   Non-Class:  7.48 MB
       Class:  14.50 MB
        Both:  21.99 MB

MaxMetaspaceSize: unlimited
CompressedClassSpaceSize: 1.00 GB
Initial GC threshold: 21.00 MB
Current GC threshold: 21.00 MB
CDS: on
MetaspaceReclaimPolicy: balanced
 - commit_granule_bytes: 65536.
 - commit_granule_words: 8192.
 - virtual_space_node_default_size: 8388608.
 - enlarge_chunks_in_place: 1.
 - new_chunks_are_fully_committed: 0.
 - uncommit_free_chunks: 1.
 - use_allocation_guard: 0.
 - handle_deallocations: 1.


Internal statistics:

num_allocs_failed_limit: 0.
num_arena_births: 80.
num_arena_deaths: 0.
num_vsnodes_births: 2.
num_vsnodes_deaths: 0.
num_space_committed: 152.
num_space_uncommitted: 0.
num_chunks_returned_to_freelist: 0.
num_chunks_taken_from_freelist: 346.
num_chunk_merges: 0.
num_chunk_splits: 230.
num_chunks_enlarged: 187.
num_inconsistent_stats: 0.

CodeHeap 'non-profiled nmethods': size=120000Kb used=758Kb max_used=758Kb free=119242Kb
 bounds [0x0000021faf840000, 0x0000021fafab0000, 0x0000021fb6d70000]
CodeHeap 'profiled nmethods': size=120000Kb used=3241Kb max_used=3241Kb free=116758Kb
 bounds [0x0000021fa7d70000, 0x0000021fa80a0000, 0x0000021faf2a0000]
CodeHeap 'non-nmethods': size=5760Kb used=1168Kb max_used=1198Kb free=4591Kb
 bounds [0x0000021faf2a0000, 0x0000021faf510000, 0x0000021faf840000]
 total_blobs=2185 nmethods=1720 adapters=378
 compilation: enabled
              stopped_count=0, restarted_count=0
 full_count=0

Compilation events (20 events):
Event: 26.072 Thread 0x0000021fa02ba9e0 nmethod 1711 0x0000021fa8097990 code [0x0000021fa8097b40, 0x0000021fa8097da8]
Event: 26.072 Thread 0x0000021fa02ba9e0 1712       3       java.util.HashMap$ValueIterator::<init> (11 bytes)
Event: 26.073 Thread 0x0000021fa02ba9e0 nmethod 1712 0x0000021fa8097e90 code [0x0000021fa8098040, 0x0000021fa80981c8]
Event: 26.255 Thread 0x0000021fa02ba9e0 1713       3       java.util.ArrayDeque::iterator (9 bytes)
Event: 26.256 Thread 0x0000021fa02ba9e0 nmethod 1713 0x0000021fa8098290 code [0x0000021fa8098460, 0x0000021fa8098818]
Event: 26.256 Thread 0x0000021fa02ba9e0 1714       3       java.util.ArrayDeque$DeqIterator::<init> (34 bytes)
Event: 26.256 Thread 0x0000021fa02ba9e0 nmethod 1714 0x0000021fa8098990 code [0x0000021fa8098b40, 0x0000021fa8098e38]
Event: 26.351 Thread 0x0000021fa02ba9e0 1715       1       org.gradle.internal.logging.sink.GroupingProgressLogEventGenerator::access$300 (5 bytes)
Event: 26.352 Thread 0x0000021fa02ba9e0 nmethod 1715 0x0000021faf8fd510 code [0x0000021faf8fd6a0, 0x0000021faf8fd758]
Event: 26.860 Thread 0x0000021fa02ba9e0 1716       3       org.gradle.internal.time.TimeSource$1::nanoTime (4 bytes)
Event: 26.860 Thread 0x0000021fa02ba9e0 nmethod 1716 0x0000021fa8098f90 code [0x0000021fa8099120, 0x0000021fa8099258]
Event: 26.860 Thread 0x0000021fa02ba9e0 1717       3       org.gradle.internal.logging.console.Cursor::<init> (5 bytes)
Event: 26.860 Thread 0x0000021fa02ba9e0 nmethod 1717 0x0000021fa8099310 code [0x0000021fa80994c0, 0x0000021fa8099618]
Event: 26.956 Thread 0x0000021fa02ba9e0 1718       3       java.lang.StringBuilder::append (8 bytes)
Event: 26.956 Thread 0x0000021fa02ba9e0 nmethod 1718 0x0000021fa8099710 code [0x0000021fa80998c0, 0x0000021fa8099a08]
Event: 26.956 Thread 0x0000021fa02ba9e0 1720       3       java.lang.Long::stringSize (55 bytes)
Event: 26.956 Thread 0x0000021fa02ba9e0 nmethod 1720 0x0000021fa8099a90 code [0x0000021fa8099c40, 0x0000021fa8099eb8]
Event: 26.956 Thread 0x0000021fa02ba9e0 1719       3       java.lang.AbstractStringBuilder::append (60 bytes)
Event: 26.957 Thread 0x0000021fa02ba9e0 nmethod 1719 0x0000021fa8099f90 code [0x0000021fa809a180, 0x0000021fa809a4b8]
Event: 27.051 Thread 0x0000021fa02ba9e0 1721       3       org.gradle.internal.time.MonotonicClock::getCurrentTime (70 bytes)

GC Heap History (4 events):
Event: 0.490 GC heap before
{Heap before GC invocations=0 (full 0):
 garbage-first heap   total 65536K, used 13312K [0x00000000fc000000, 0x0000000100000000)
  region size 1024K, 13 young (13312K), 0 survivors (0K)
 Metaspace       used 1639K, committed 1792K, reserved 1114112K
  class space    used 156K, committed 192K, reserved 1048576K
}
Event: 0.498 GC heap after
{Heap after GC invocations=1 (full 0):
 garbage-first heap   total 65536K, used 1504K [0x00000000fc000000, 0x0000000100000000)
  region size 1024K, 2 young (2048K), 2 survivors (2048K)
 Metaspace       used 1639K, committed 1792K, reserved 1114112K
  class space    used 156K, committed 192K, reserved 1048576K
}
Event: 0.956 GC heap before
{Heap before GC invocations=1 (full 0):
 garbage-first heap   total 65536K, used 23008K [0x00000000fc000000, 0x0000000100000000)
  region size 1024K, 20 young (20480K), 2 survivors (2048K)
 Metaspace       used 1903K, committed 2048K, reserved 1114112K
  class space    used 162K, committed 192K, reserved 1048576K
}
Event: 0.962 GC heap after
{Heap after GC invocations=2 (full 0):
 garbage-first heap   total 65536K, used 10789K [0x00000000fc000000, 0x0000000100000000)
  region size 1024K, 3 young (3072K), 3 survivors (3072K)
 Metaspace       used 1903K, committed 2048K, reserved 1114112K
  class space    used 162K, committed 192K, reserved 1048576K
}

Dll operation events (13 events):
Event: 0.009 Loaded shared library C:\Program Files\Eclipse Adoptium\jdk-17.0.18.8-hotspot\bin\java.dll
Event: 0.029 Loaded shared library C:\Program Files\Eclipse Adoptium\jdk-17.0.18.8-hotspot\bin\jsvml.dll
Event: 0.074 Loaded shared library C:\Program Files\Eclipse Adoptium\jdk-17.0.18.8-hotspot\bin\net.dll
Event: 0.076 Loaded shared library C:\Program Files\Eclipse Adoptium\jdk-17.0.18.8-hotspot\bin\nio.dll
Event: 0.081 Loaded shared library C:\Program Files\Eclipse Adoptium\jdk-17.0.18.8-hotspot\bin\zip.dll
Event: 0.642 Loaded shared library C:\Program Files\Eclipse Adoptium\jdk-17.0.18.8-hotspot\bin\jimage.dll
Event: 1.430 Loaded shared library C:\Program Files\Eclipse Adoptium\jdk-17.0.18.8-hotspot\bin\management.dll
Event: 1.438 Loaded shared library C:\Program Files\Eclipse Adoptium\jdk-17.0.18.8-hotspot\bin\management_ext.dll
Event: 1.526 Loaded shared library C:\Users\Dell\.gradle\native\660c5614fbf4a5f2a75b1949f50a0caf5cd603558e7d8a26e50b933a0cfb79d1\windows-amd64\native-platform.dll
Event: 1.591 Loaded shared library C:\Users\Dell\.gradle\native\jansi\2.4.2\Windows\x86_64\jansi.dll
Event: 1.990 Loaded shared library C:\Program Files\Eclipse Adoptium\jdk-17.0.18.8-hotspot\bin\extnet.dll
Event: 2.333 Loaded shared library C:\Program Files\Eclipse Adoptium\jdk-17.0.18.8-hotspot\bin\sunmscapi.dll
Event: 2.357 Loaded shared library C:\Program Files\Eclipse Adoptium\jdk-17.0.18.8-hotspot\bin\verify.dll

Deoptimization events (20 events):
Event: 2.338 Thread 0x0000021fa01ffd60 Uncommon trap: trap_request=0xffffffde fr.pc=0x0000021faf87c2e8 relative=0x00000000000000c8
Event: 2.338 Thread 0x0000021fa01ffd60 Uncommon trap: reason=class_check action=maybe_recompile pc=0x0000021faf87c2e8 method=java.util.AbstractList$Itr.next()Ljava/lang/Object; @ 14 c2
Event: 2.338 Thread 0x0000021fa01ffd60 DEOPT PACKING pc=0x0000021faf87c2e8 sp=0x00000068e8ffc650
Event: 2.338 Thread 0x0000021fa01ffd60 DEOPT UNPACKING pc=0x0000021faf2f69a3 sp=0x00000068e8ffc5e8 mode 2
Event: 2.351 Thread 0x0000021fa01ffd60 Uncommon trap: trap_request=0xffffff45 fr.pc=0x0000021faf8e0138 relative=0x0000000000000178
Event: 2.351 Thread 0x0000021fa01ffd60 Uncommon trap: reason=unstable_if action=reinterpret pc=0x0000021faf8e0138 method=java.lang.invoke.VarHandle.checkExactAccessMode(Ljava/lang/invoke/VarHandle$AccessDescriptor;)V @ 4 c2
Event: 2.351 Thread 0x0000021fa01ffd60 DEOPT PACKING pc=0x0000021faf8e0138 sp=0x00000068e8ffd400
Event: 2.351 Thread 0x0000021fa01ffd60 DEOPT UNPACKING pc=0x0000021faf2f69a3 sp=0x00000068e8ffd340 mode 2
Event: 2.351 Thread 0x0000021fa01ffd60 Uncommon trap: trap_request=0xffffff45 fr.pc=0x0000021faf8e1ca8 relative=0x0000000000000088
Event: 2.351 Thread 0x0000021fa01ffd60 Uncommon trap: reason=unstable_if action=reinterpret pc=0x0000021faf8e1ca8 method=java.lang.invoke.VarForm.getMemberName(I)Ljava/lang/invoke/MemberName; @ 8 c2
Event: 2.351 Thread 0x0000021fa01ffd60 DEOPT PACKING pc=0x0000021faf8e1ca8 sp=0x00000068e8ffd380
Event: 2.351 Thread 0x0000021fa01ffd60 DEOPT UNPACKING pc=0x0000021faf2f69a3 sp=0x00000068e8ffd318 mode 2
Event: 2.361 Thread 0x0000021fff7cc2b0 Uncommon trap: trap_request=0xffffffde fr.pc=0x0000021faf87881c relative=0x000000000000007c
Event: 2.361 Thread 0x0000021fff7cc2b0 Uncommon trap: reason=class_check action=maybe_recompile pc=0x0000021faf87881c method=java.util.AbstractList$Itr.hasNext()Z @ 8 c2
Event: 2.361 Thread 0x0000021fff7cc2b0 DEOPT PACKING pc=0x0000021faf87881c sp=0x00000068ea8feb50
Event: 2.361 Thread 0x0000021fff7cc2b0 DEOPT UNPACKING pc=0x0000021faf2f69a3 sp=0x00000068ea8feae8 mode 2
Event: 2.361 Thread 0x0000021fff7cc2b0 Uncommon trap: trap_request=0xffffffde fr.pc=0x0000021faf87c2e8 relative=0x00000000000000c8
Event: 2.361 Thread 0x0000021fff7cc2b0 Uncommon trap: reason=class_check action=maybe_recompile pc=0x0000021faf87c2e8 method=java.util.AbstractList$Itr.next()Ljava/lang/Object; @ 14 c2
Event: 2.361 Thread 0x0000021fff7cc2b0 DEOPT PACKING pc=0x0000021faf87c2e8 sp=0x00000068ea8feb40
Event: 2.361 Thread 0x0000021fff7cc2b0 DEOPT UNPACKING pc=0x0000021faf2f69a3 sp=0x00000068ea8fead8 mode 2

Classes loaded (20 events):
Event: 2.345 Loading class sun/nio/ch/SinkChannelImpl
Event: 2.346 Loading class java/nio/channels/Pipe$SinkChannel
Event: 2.346 Loading class java/nio/channels/Pipe$SinkChannel done
Event: 2.346 Loading class sun/nio/ch/SinkChannelImpl done
Event: 2.347 Loading class sun/nio/ch/SelectionKeyImpl
Event: 2.347 Loading class java/nio/channels/spi/AbstractSelectionKey
Event: 2.347 Loading class java/nio/channels/SelectionKey
Event: 2.347 Loading class java/nio/channels/SelectionKey done
Event: 2.347 Loading class java/nio/channels/spi/AbstractSelectionKey done
Event: 2.347 Loading class sun/nio/ch/SelectionKeyImpl done
Event: 2.348 Loading class java/lang/invoke/ConstantBootstraps
Event: 2.351 Loading class java/lang/invoke/ConstantBootstraps done
Event: 2.360 Loading class java/util/AbstractList$ListItr
Event: 2.361 Loading class java/util/AbstractList$ListItr done
Event: 2.367 Loading class java/nio/channels/spi/AbstractSelector$1
Event: 2.368 Loading class java/nio/channels/spi/AbstractSelector$1 done
Event: 2.384 Loading class java/util/concurrent/Executors$FinalizableDelegatedExecutorService
Event: 2.384 Loading class java/util/concurrent/Executors$FinalizableDelegatedExecutorService done
Event: 6.671 Loading class java/util/ArrayList$ListItr
Event: 6.673 Loading class java/util/ArrayList$ListItr done

Classes unloaded (0 events):
No events

Classes redefined (0 events):
No events

Internal exceptions (20 events):
Event: 1.547 Thread 0x0000021fa01ffd60 Exception <a 'java/lang/NoSuchMethodError'{0x00000000ff5c4218}: 'java.lang.Object java.lang.invoke.Invokers$Holder.invokeExact_MT(java.lang.Object, java.lang.Object, java.lang.Object, java.lang.Object)'> (0x00000000ff5c4218) 
thrown [s\src\hotspot\share\interpreter\linkResolver.cpp, line 759]
Event: 1.553 Thread 0x0000021fa01ffd60 Exception <a 'java/lang/NoSuchMethodError'{0x00000000ff5ea9e8}: 'java.lang.Object java.lang.invoke.DirectMethodHandle$Holder.invokeVirtual(java.lang.Object, java.lang.Object, java.lang.Object)'> (0x00000000ff5ea9e8) 
thrown [s\src\hotspot\share\interpreter\linkResolver.cpp, line 759]
Event: 1.586 Thread 0x0000021fa01ffd60 Exception <a 'java/lang/NullPointerException'{0x00000000ff4a1a38}> (0x00000000ff4a1a38) 
thrown [s\src\hotspot\share\interpreter\linkResolver.cpp, line 1350]
Event: 1.596 Thread 0x0000021fa01ffd60 Exception <a 'java/lang/NoSuchMethodError'{0x00000000ff4c7260}: 'void java.lang.invoke.DirectMethodHandle$Holder.invokeStatic(java.lang.Object, long, java.lang.Object)'> (0x00000000ff4c7260) 
thrown [s\src\hotspot\share\interpreter\linkResolver.cpp, line 759]
Event: 1.597 Thread 0x0000021fa01ffd60 Exception <a 'java/lang/NoSuchMethodError'{0x00000000ff4cd570}: 'java.lang.Object java.lang.invoke.DirectMethodHandle$Holder.newInvokeSpecial(java.lang.Object, long, java.lang.Object)'> (0x00000000ff4cd570) 
thrown [s\src\hotspot\share\interpreter\linkResolver.cpp, line 759]
Event: 1.602 Thread 0x0000021fa01ffd60 Exception <a 'java/lang/NullPointerException'{0x00000000ff4d9c38}> (0x00000000ff4d9c38) 
thrown [s\src\hotspot\share\interpreter\linkResolver.cpp, line 1350]
Event: 1.602 Thread 0x0000021fa01ffd60 Exception <a 'java/lang/NullPointerException'{0x00000000ff4da1b8}> (0x00000000ff4da1b8) 
thrown [s\src\hotspot\share\interpreter\linkResolver.cpp, line 1350]
Event: 1.602 Thread 0x0000021fa01ffd60 Exception <a 'java/lang/NullPointerException'{0x00000000ff4da738}> (0x00000000ff4da738) 
thrown [s\src\hotspot\share\interpreter\linkResolver.cpp, line 1350]
Event: 1.603 Thread 0x0000021fa01ffd60 Exception <a 'java/lang/NullPointerException'{0x00000000ff4e1dc0}> (0x00000000ff4e1dc0) 
thrown [s\src\hotspot\share\interpreter\linkResolver.cpp, line 1350]
Event: 1.605 Thread 0x0000021fa01ffd60 Exception <a 'java/lang/NullPointerException'{0x00000000ff4fbf88}> (0x00000000ff4fbf88) 
thrown [s\src\hotspot\share\interpreter\linkResolver.cpp, line 1350]
Event: 1.605 Thread 0x0000021fa01ffd60 Exception <a 'java/lang/NullPointerException'{0x00000000ff4fc508}> (0x00000000ff4fc508) 
thrown [s\src\hotspot\share\interpreter\linkResolver.cpp, line 1350]
Event: 1.605 Thread 0x0000021fa01ffd60 Exception <a 'java/lang/NullPointerException'{0x00000000ff4fca88}> (0x00000000ff4fca88) 
thrown [s\src\hotspot\share\interpreter\linkResolver.cpp, line 1350]
Event: 1.605 Thread 0x0000021fa01ffd60 Exception <a 'java/lang/NullPointerException'{0x00000000ff4fd008}> (0x00000000ff4fd008) 
thrown [s\src\hotspot\share\interpreter\linkResolver.cpp, line 1350]
Event: 1.720 Thread 0x0000021fa01ffd60 Exception <a 'java/lang/NoSuchMethodError'{0x00000000ff0365f0}: 'java.lang.Object java.lang.invoke.DirectMethodHandle$Holder.newInvokeSpecial(java.lang.Object, java.lang.Object, java.lang.Object, java.lang.Object, java.lang.Object)'> (0x00000000ff0365f0) 
thrown [s\src\hotspot\share\interpreter\linkResolver.cpp, line 759]
Event: 1.750 Thread 0x0000021fa01ffd60 Exception <a 'java/lang/NoSuchMethodError'{0x00000000fef2cb68}: 'void java.lang.invoke.DirectMethodHandle$Holder.invokeSpecial(java.lang.Object, java.lang.Object, java.lang.Object)'> (0x00000000fef2cb68) 
thrown [s\src\hotspot\share\interpreter\linkResolver.cpp, line 759]
Event: 1.753 Thread 0x0000021fa01ffd60 Implicit null exception at 0x0000021faf88750f to 0x0000021faf887a94
Event: 1.993 Thread 0x0000021fa01ffd60 Exception <a 'java/lang/NoSuchMethodError'{0x00000000fec3d898}: 'void java.lang.invoke.DirectMethodHandle$Holder.invokeStatic(java.lang.Object, java.lang.Object, java.lang.Object)'> (0x00000000fec3d898) 
thrown [s\src\hotspot\share\interpreter\linkResolver.cpp, line 759]
Event: 2.164 Thread 0x0000021fa01ffd60 Exception <a 'java/lang/NoSuchMethodError'{0x00000000fe4e4540}: 'java.lang.Object java.lang.invoke.DirectMethodHandle$Holder.invokeStaticInit(java.lang.Object, int, int, int, int)'> (0x00000000fe4e4540) 
thrown [s\src\hotspot\share\interpreter\linkResolver.cpp, line 759]
Event: 2.214 Thread 0x0000021fa01ffd60 Exception <a 'java/lang/NoSuchMethodError'{0x00000000fe392cb8}: 'java.lang.Object java.lang.invoke.DirectMethodHandle$Holder.invokeStaticInit(java.lang.Object, java.lang.Object, int, int, int, int)'> (0x00000000fe392cb8) 
thrown [s\src\hotspot\share\interpreter\linkResolver.cpp, line 759]
Event: 2.251 Thread 0x0000021fa01ffd60 Implicit null exception at 0x0000021faf8899f2 to 0x0000021faf88a00c

VM Operations (20 events):
Event: 7.688 Executing VM operation: Cleanup
Event: 7.688 Executing VM operation: Cleanup done
Event: 8.701 Executing VM operation: Cleanup
Event: 8.701 Executing VM operation: Cleanup done
Event: 9.714 Executing VM operation: Cleanup
Event: 9.714 Executing VM operation: Cleanup done
Event: 11.716 Executing VM operation: Cleanup
Event: 11.716 Executing VM operation: Cleanup done
Event: 12.731 Executing VM operation: Cleanup
Event: 12.731 Executing VM operation: Cleanup done
Event: 13.732 Executing VM operation: Cleanup
Event: 13.732 Executing VM operation: Cleanup done
Event: 14.732 Executing VM operation: Cleanup
Event: 14.732 Executing VM operation: Cleanup done
Event: 15.732 Executing VM operation: Cleanup
Event: 15.732 Executing VM operation: Cleanup done
Event: 21.808 Executing VM operation: Cleanup
Event: 21.808 Executing VM operation: Cleanup done
Event: 22.818 Executing VM operation: Cleanup
Event: 22.818 Executing VM operation: Cleanup done

Memory protections (0 events):
No events

Nmethod flushes (0 events):
No events

Events (17 events):
Event: 0.029 Thread 0x0000021fa01ffd60 Thread added: 0x0000021fa01ffd60
Event: 0.032 Thread 0x0000021fa01ffd60 Thread added: 0x0000021fa0295580
Event: 0.033 Thread 0x0000021fa01ffd60 Thread added: 0x0000021fa0296140
Event: 0.046 Thread 0x0000021fa01ffd60 Thread added: 0x0000021fa02aeea0
Event: 0.046 Thread 0x0000021fa01ffd60 Thread added: 0x0000021fa02b1970
Event: 0.046 Thread 0x0000021fa01ffd60 Thread added: 0x0000021fa02b2330
Event: 0.046 Thread 0x0000021fa01ffd60 Thread added: 0x0000021fa02b4d00
Event: 0.046 Thread 0x0000021fa01ffd60 Thread added: 0x0000021fa02b5e00
Event: 0.046 Thread 0x0000021fa01ffd60 Thread added: 0x0000021fa02ba9e0
Event: 0.046 Thread 0x0000021fa01ffd60 Thread added: 0x0000021fb9416780
Event: 0.069 Thread 0x0000021fa01ffd60 Thread added: 0x0000021fb962c170
Event: 0.070 Thread 0x0000021fa01ffd60 Thread added: 0x0000021fb9630ac0
Event: 0.609 Thread 0x0000021fa02b5e00 Thread added: 0x0000021fb97bba00
Event: 1.589 Thread 0x0000021fa01ffd60 Thread added: 0x0000021fff213940
Event: 1.650 Thread 0x0000021fa01ffd60 Thread added: 0x0000021fff7cc2b0
Event: 1.873 Thread 0x0000021fff213940 Thread exited: 0x0000021fff213940
Event: 1.985 Thread 0x0000021fb97bba00 Thread exited: 0x0000021fb97bba00


Dynamic libraries:
0x00007ff682570000 - 0x00007ff68257e000 	C:\Program Files\Eclipse Adoptium\jdk-17.0.18.8-hotspot\bin\java.exe
0x00007ff95e870000 - 0x00007ff95ea68000 	C:\Windows\SYSTEM32\ntdll.dll
0x00007ff95c9f0000 - 0x00007ff95cab2000 	C:\Windows\System32\KERNEL32.DLL
0x00007ff95c060000 - 0x00007ff95c356000 	C:\Windows\System32\KERNELBASE.dll
0x00007ff95c440000 - 0x00007ff95c540000 	C:\Windows\System32\ucrtbase.dll
0x00007ff93f630000 - 0x00007ff93f64e000 	C:\Program Files\Eclipse Adoptium\jdk-17.0.18.8-hotspot\bin\VCRUNTIME140.dll
0x00007ff93f360000 - 0x00007ff93f378000 	C:\Program Files\Eclipse Adoptium\jdk-17.0.18.8-hotspot\bin\jli.dll
0x00007ff95d390000 - 0x00007ff95d531000 	C:\Windows\System32\USER32.dll
0x00007ff95c7c0000 - 0x00007ff95c7e2000 	C:\Windows\System32\win32u.dll
0x00007ff95e600000 - 0x00007ff95e62b000 	C:\Windows\System32\GDI32.dll
0x00007ff95c6a0000 - 0x00007ff95c7b9000 	C:\Windows\System32\gdi32full.dll
0x00007ff95c7f0000 - 0x00007ff95c88d000 	C:\Windows\System32\msvcp_win.dll
0x00007ff945c50000 - 0x00007ff945eeb000 	C:\Windows\WinSxS\amd64_microsoft.windows.common-controls_6595b64144ccf1df_6.0.19041.6456_none_60b8a6cb71f64256\COMCTL32.dll
0x00007ff95ce00000 - 0x00007ff95ce9e000 	C:\Windows\System32\msvcrt.dll
0x00007ff95cbd0000 - 0x00007ff95cbff000 	C:\Windows\System32\IMM32.DLL
0x00007ff9505d0000 - 0x00007ff9505dc000 	C:\Program Files\Eclipse Adoptium\jdk-17.0.18.8-hotspot\bin\vcruntime140_1.dll
0x00007ff9329c0000 - 0x00007ff932a4d000 	C:\Program Files\Eclipse Adoptium\jdk-17.0.18.8-hotspot\bin\msvcp140.dll
0x00007ff9117d0000 - 0x00007ff91243b000 	C:\Program Files\Eclipse Adoptium\jdk-17.0.18.8-hotspot\bin\server\jvm.dll
0x00007ff95c900000 - 0x00007ff95c9b1000 	C:\Windows\System32\ADVAPI32.dll
0x00007ff95e560000 - 0x00007ff95e5ff000 	C:\Windows\System32\sechost.dll
0x00007ff95cce0000 - 0x00007ff95ce00000 	C:\Windows\System32\RPCRT4.dll
0x00007ff95bf00000 - 0x00007ff95bf27000 	C:\Windows\System32\bcrypt.dll
0x00007ff95d310000 - 0x00007ff95d37b000 	C:\Windows\System32\WS2_32.dll
0x00007ff95bd60000 - 0x00007ff95bdab000 	C:\Windows\SYSTEM32\POWRPROF.dll
0x00007ff945100000 - 0x00007ff945127000 	C:\Windows\SYSTEM32\WINMM.dll
0x00007ff951c90000 - 0x00007ff951c9a000 	C:\Windows\SYSTEM32\VERSION.dll
0x00007ff95bd40000 - 0x00007ff95bd52000 	C:\Windows\SYSTEM32\UMPDC.dll
0x00007ff95a710000 - 0x00007ff95a722000 	C:\Windows\SYSTEM32\kernel.appcore.dll
0x00007ff946720000 - 0x00007ff94672a000 	C:\Program Files\Eclipse Adoptium\jdk-17.0.18.8-hotspot\bin\jimage.dll
0x00007ff959c30000 - 0x00007ff959e31000 	C:\Windows\SYSTEM32\DBGHELP.DLL
0x00007ff935520000 - 0x00007ff935554000 	C:\Windows\SYSTEM32\dbgcore.DLL
0x00007ff95c360000 - 0x00007ff95c3e2000 	C:\Windows\System32\bcryptPrimitives.dll
0x00007ff932990000 - 0x00007ff9329b5000 	C:\Program Files\Eclipse Adoptium\jdk-17.0.18.8-hotspot\bin\java.dll
0x00007ff9328b0000 - 0x00007ff932987000 	C:\Program Files\Eclipse Adoptium\jdk-17.0.18.8-hotspot\bin\jsvml.dll
0x00007ff95d720000 - 0x00007ff95de90000 	C:\Windows\System32\SHELL32.dll
0x00007ff959f50000 - 0x00007ff95a6f5000 	C:\Windows\SYSTEM32\windows.storage.dll
0x00007ff95e200000 - 0x00007ff95e554000 	C:\Windows\System32\combase.dll
0x00007ff95b850000 - 0x00007ff95b87b000 	C:\Windows\SYSTEM32\Wldp.dll
0x00007ff95df20000 - 0x00007ff95dfed000 	C:\Windows\System32\OLEAUT32.dll
0x00007ff95d540000 - 0x00007ff95d5ed000 	C:\Windows\System32\SHCORE.dll
0x00007ff95e1a0000 - 0x00007ff95e1fb000 	C:\Windows\System32\shlwapi.dll
0x00007ff95be30000 - 0x00007ff95be54000 	C:\Windows\SYSTEM32\profapi.dll
0x00007ff93f340000 - 0x00007ff93f35a000 	C:\Program Files\Eclipse Adoptium\jdk-17.0.18.8-hotspot\bin\net.dll
0x00007ff94ef70000 - 0x00007ff94f07a000 	C:\Windows\SYSTEM32\WINHTTP.dll
0x00007ff95b5b0000 - 0x00007ff95b61a000 	C:\Windows\system32\mswsock.dll
0x00007ff93f260000 - 0x00007ff93f276000 	C:\Program Files\Eclipse Adoptium\jdk-17.0.18.8-hotspot\bin\nio.dll
0x00007ff93d800000 - 0x00007ff93d818000 	C:\Program Files\Eclipse Adoptium\jdk-17.0.18.8-hotspot\bin\zip.dll
0x00007ff943530000 - 0x00007ff94353a000 	C:\Program Files\Eclipse Adoptium\jdk-17.0.18.8-hotspot\bin\management.dll
0x00007ff9411a0000 - 0x00007ff9411ac000 	C:\Program Files\Eclipse Adoptium\jdk-17.0.18.8-hotspot\bin\management_ext.dll
0x00007ff95c890000 - 0x00007ff95c898000 	C:\Windows\System32\PSAPI.DLL
0x00007ff9317f0000 - 0x00007ff931817000 	C:\Users\Dell\.gradle\native\660c5614fbf4a5f2a75b1949f50a0caf5cd603558e7d8a26e50b933a0cfb79d1\windows-amd64\native-platform.dll
0x00007ff93f8c0000 - 0x00007ff93f8e4000 	C:\Users\Dell\.gradle\native\jansi\2.4.2\Windows\x86_64\jansi.dll
0x00007ff95b290000 - 0x00007ff95b2cb000 	C:\Windows\SYSTEM32\IPHLPAPI.DLL
0x00007ff95c9c0000 - 0x00007ff95c9c8000 	C:\Windows\System32\NSI.dll
0x00007ff94f5e0000 - 0x00007ff94f5f7000 	C:\Windows\SYSTEM32\dhcpcsvc6.DLL
0x00007ff950090000 - 0x00007ff9500ad000 	C:\Windows\SYSTEM32\dhcpcsvc.DLL
0x00007ff95b2d0000 - 0x00007ff95b39a000 	C:\Windows\SYSTEM32\DNSAPI.dll
0x00007ff93f860000 - 0x00007ff93f869000 	C:\Program Files\Eclipse Adoptium\jdk-17.0.18.8-hotspot\bin\extnet.dll
0x00007ff95b7b0000 - 0x00007ff95b7c8000 	C:\Windows\SYSTEM32\CRYPTSP.dll
0x00007ff95aed0000 - 0x00007ff95af08000 	C:\Windows\system32\rsaenh.dll
0x00007ff95bdf0000 - 0x00007ff95be1e000 	C:\Windows\SYSTEM32\USERENV.dll
0x00007ff95b7a0000 - 0x00007ff95b7ac000 	C:\Windows\SYSTEM32\CRYPTBASE.dll
0x00007ff93f960000 - 0x00007ff93f96e000 	C:\Program Files\Eclipse Adoptium\jdk-17.0.18.8-hotspot\bin\sunmscapi.dll
0x00007ff95c540000 - 0x00007ff95c69d000 	C:\Windows\System32\CRYPT32.dll
0x00007ff95b8c0000 - 0x00007ff95b8e7000 	C:\Windows\SYSTEM32\ncrypt.dll
0x00007ff95b880000 - 0x00007ff95b8bb000 	C:\Windows\SYSTEM32\NTASN1.dll
0x00007ff93f950000 - 0x00007ff93f957000 	C:\Windows\system32\wshunix.dll
0x00007ff93f710000 - 0x00007ff93f720000 	C:\Program Files\Eclipse Adoptium\jdk-17.0.18.8-hotspot\bin\verify.dll

dbghelp: loaded successfully - version: 4.0.5 - missing functions: none
symbol engine: initialized successfully - sym options: 0x614 - pdb path: .;C:\Program Files\Eclipse Adoptium\jdk-17.0.18.8-hotspot\bin;C:\Windows\SYSTEM32;C:\Windows\WinSxS\amd64_microsoft.windows.common-controls_6595b64144ccf1df_6.0.19041.6456_none_60b8a6cb71f64256;C:\Program Files\Eclipse Adoptium\jdk-17.0.18.8-hotspot\bin\server;C:\Users\Dell\.gradle\native\660c5614fbf4a5f2a75b1949f50a0caf5cd603558e7d8a26e50b933a0cfb79d1\windows-amd64;C:\Users\Dell\.gradle\native\jansi\2.4.2\Windows\x86_64

VM Arguments:
jvm_args: -Xmx64m -Xms64m -Dorg.gradle.appname=gradlew 
java_command: D:\chakraIndustries\ChakraIndustriesDealerApp\android\\gradle\wrapper\gradle-wrapper.jar app:installDebug -PreactNativeDevServerPort=8081
java_class_path (initial): D:\chakraIndustries\ChakraIndustriesDealerApp\android\\gradle\wrapper\gradle-wrapper.jar
Launcher Type: SUN_STANDARD

[Global flags]
     intx CICompilerCount                          = 3                                         {product} {ergonomic}
     uint ConcGCThreads                            = 1                                         {product} {ergonomic}
     uint G1ConcRefinementThreads                  = 4                                         {product} {ergonomic}
   size_t G1HeapRegionSize                         = 1048576                                   {product} {ergonomic}
    uintx GCDrainStackTargetSize                   = 64                                        {product} {ergonomic}
   size_t InitialHeapSize                          = 67108864                                  {product} {command line}
   size_t MarkStackSize                            = 4194304                                   {product} {ergonomic}
   size_t MaxHeapSize                              = 67108864                                  {product} {command line}
   size_t MaxNewSize                               = 39845888                                  {product} {ergonomic}
   size_t MinHeapDeltaBytes                        = 1048576                                   {product} {ergonomic}
   size_t MinHeapSize                              = 67108864                                  {product} {command line}
    uintx NonNMethodCodeHeapSize                   = 5832780                                {pd product} {ergonomic}
    uintx NonProfiledCodeHeapSize                  = 122912730                              {pd product} {ergonomic}
    uintx ProfiledCodeHeapSize                     = 122912730                              {pd product} {ergonomic}
    uintx ReservedCodeCacheSize                    = 251658240                              {pd product} {ergonomic}
     bool SegmentedCodeCache                       = true                                      {product} {ergonomic}
   size_t SoftMaxHeapSize                          = 67108864                               {manageable} {ergonomic}
     bool UseCompressedClassPointers               = true                           {product lp64_product} {ergonomic}
     bool UseCompressedOops                        = true                           {product lp64_product} {ergonomic}
     bool UseG1GC                                  = true                                      {product} {ergonomic}
     bool UseLargePagesIndividualAllocation        = false                                  {pd product} {ergonomic}

Logging:
Log output configuration:
 #0: stdout all=warning uptime,level,tags
 #1: stderr all=off uptime,level,tags

Environment Variables:
JAVA_HOME=C:\Program Files\Eclipse Adoptium\jdk-17.0.18.8-hotspot
PATH=D:\chakraIndustries\ChakraIndustriesDealerApp\node_modules\.bin;D:\chakraIndustries\ChakraIndustriesDealerApp\node_modules\.bin;D:\chakraIndustries\node_modules\.bin;D:\node_modules\.bin;C:\Program Files\nodejs\node_modules\npm\node_modules\@npmcli\run-script\lib\node-gyp-bin;C:\Program Files\Eclipse Adoptium\jdk-17.0.18.8-hotspot\bin;C:\Program Files\Common Files\Oracle\Java\javapath;C:\Windows\system32;C:\Windows;C:\Windows\System32\Wbem;C:\Windows\System32\WindowsPowerShell\v1.0\;C:\Windows\System32\OpenSSH\;C:\ProgramData\chocolatey\bin;C:\Program Files\Git\cmd;C:\Program Files\Git\mingw64\bin;C:\Program Files\Git\usr\bin;C:\php-8.3.0;C:\Program Files\nodejs\;c:\Users\Dell\AppData\Local\Programs\Trae\bin;C:\Users\Dell\AppData\Local\Microsoft\WindowsApps;C:\Users\Dell\AppData\Local\Android\Sdk\platform-tools;C:\Users\Dell\AppData\Local\Programs\mongosh\;D:\Microsoft VS Code\bin;C:\Users\Dell\AppData\Local\Programs\Antigravity\bin;C:\Users\Dell\AppData\Roaming\npm;C:\Users\Dell\AppData\Local\Programs\Zed Preview\bin;C:\Users\Dell\AppData\Local\Programs\Kiro\bin;C:\Users\Dell\AppData\Local\Programs\Antigravity IDE\bin;C:\Program Files\Eclipse Adoptium\jdk-17.0.18.8-hotspot\bin
USERNAME=Dell
LANG=en_US.UTF-8
OS=Windows_NT
PROCESSOR_IDENTIFIER=Intel64 Family 6 Model 142 Stepping 9, GenuineIntel
TMP=C:\Users\Dell\AppData\Local\Temp
TEMP=C:\Users\Dell\AppData\Local\Temp



Periodic native trim disabled


---------------  S Y S T E M  ---------------

OS:
 Windows 10 , 64 bit Build 19041 (10.0.19041.5915)
OS uptime: 0 days 0:42 hours

CPU: total 4 (initial active 4) (2 cores per cpu, 2 threads per core) family 6 model 142 stepping 9 microcode 0xf0, cx8, cmov, fxsr, ht, mmx, 3dnowpref, sse, sse2, sse3, ssse3, sse4.1, sse4.2, popcnt, lzcnt, tsc, tscinvbit, avx, avx2, aes, erms, clmul, bmi1, bmi2, rtm, adx, fma, vzeroupper, clflush, clflushopt
Processor Information for all 4 processors :
  Max Mhz: 2712, Current Mhz: 2611, Mhz Limit: 2603

Memory: 4k page, system-wide physical 8070M (740M free)
TotalPageFile size 8797M (AvailPageFile size 6M)
current process WorkingSet (physical memory assigned to process): 97M, peak: 107M
current process commit charge ("private bytes"): 156M, peak: 167M

vm_info: OpenJDK 64-Bit Server VM (17.0.18+8) for windows-amd64 JRE (17.0.18+8), built on Jan 20 2026 22:28:22 by "admin" with MS VC++ 17.12 (VS2022)

END.
